<?xml version="1.0" encoding="UTF-8"?>
<testsuite xmlns:xsi="http://www.w3.org/2001/XMLSchema-instance" xsi:noNamespaceSchemaLocation="https://maven.apache.org/surefire/maven-surefire-plugin/xsd/surefire-test-report.xsd" version="3.0.2" name="mx.att.digital.customermanagement.OpenApiGeneratorApplicationTests" time="10.805" tests="1" errors="0" skipped="0" failures="0">
  <properties>
[...]
</properties>
  <testcase name="contextLoads" classname="mx.att.digital.customermanagement.OpenApiGeneratorApplicationTests" time="1.893">
    <system-out><![CDATA[02:13:41.577 [main] INFO org.springframework.test.context.support.AnnotationConfigContextLoaderUtils -- Could not detect default configuration classes for test class [mx.att.digital.customermanagement.OpenApiGeneratorApplicationTests]: OpenApiGeneratorApplicationTests does not declare any static, non-private, non-final, nested classes annotated with @Configuration.
02:13:42.138 [main] INFO org.springframework.boot.test.context.SpringBootTestContextBootstrapper -- Found @SpringBootConfiguration mx.att.digital.customermanagement.OpenApiGeneratorApplication for test class mx.att.digital.customermanagement.OpenApiGeneratorApplicationTests

  .   ____          _            __ _ _
 /\\ / ___'_ __ _ _(_)_ __  __ _ \ \ \ \
( ( )\___ | '_ | '_| | '_ \/ _` | \ \ \ \
 \\/  ___)| |_)| | | | | || (_| |  ) ) ) )
  '  |____| .__|_| |_|_| |_\__, | / / / /
 =========|_|==============|___/=/_/_/_/

 :: Spring Boot ::                (v3.5.4)

2025-08-27T02:13:43.575-06:00  INFO 3533 --- [           main] m.a.d.c.OpenApiGeneratorApplicationTests : Starting OpenApiGeneratorApplicationTests using Java 21.0.8 with PID 3533 (started by hmeespinosa in /mnt/d/wsl/CustomerManagement/customer-management)
2025-08-27T02:13:43.577-06:00  INFO 3533 --- [           main] m.a.d.c.OpenApiGeneratorApplicationTests : No active profile set, falling back to 1 default profile: "default"
2025-08-27T02:13:49.972-06:00  INFO 3533 --- [           main] m.a.d.c.OpenApiGeneratorApplicationTests : Started OpenApiGeneratorApplicationTests in 7.254 seconds (process running for 9.921)
]]></system-out>
    <system-err><![CDATA[Mockito is currently self-attaching to enable the inline-mock-maker. This will no longer work in future releases of the JDK. Please add Mockito as an agent to your build as described in Mockito's documentation: https://javadoc.io/doc/org.mockito/mockito-core/latest/org.mockito/org/mockito/Mockito.html#0.3
WARNING: A Java agent has been loaded dynamically (/home/hmeespinosa/.m2/repository/net/bytebuddy/byte-buddy-agent/1.17.6/byte-buddy-agent-1.17.6.jar)
WARNING: If a serviceability tool is in use, please run with -XX:+EnableDynamicAgentLoading to hide this warning
WARNING: If a serviceability tool is not in use, please run with -Djdk.instrument.traceUsage for more information
WARNING: Dynamic loading of agents will be disallowed by default in a future release
]]></system-err>
  </testcase>
</testsuite>